<?xml version="1.0" encoding="UTF-8"?>
<!-- Generated by org.testng.reporters.JUnitReportReporter -->
<testsuite hostname="DESKTOP-KCILITF" failures="0" tests="2" name="com.qacart.todo.testcases.SignupTest" time="22.155" errors="0" timestamp="2023-11-26T11:14:23 AST" skipped="0">
  <testcase classname="com.qacart.todo.testcases.SignupTest" name="checkSignUpFunctionality" time="15.727"/>
  <testcase classname="com.qacart.todo.testcases.SignupTest" name="checkfunctionalityOfLogin" time="6.428"/>
</testsuite> <!-- com.qacart.todo.testcases.SignupTest -->
